<?xml version="1.0" encoding="UTF-8"?>
<!-- Generated by org.testng.reporters.JUnitReportReporter -->
<testsuite hostname="graycelltech" failures="0" tests="1" name="com.testScripts.Tc_AddUser" time="19.232" errors="0" timestamp="2022-05-19T18:50:12 IST" skipped="0">
  <testcase classname="com.testScripts.Tc_AddUser" name="addUserPage" time="19.232"/>
  <system-out/>
</testsuite> <!-- com.testScripts.Tc_AddUser -->
