<?xml version="1.0" encoding="UTF-8"?>
<!-- Generated by org.testng.reporters.JUnitReportReporter -->
<testsuite hostname="graycelltech" failures="0" tests="1" name="com.testScripts.Tc_LoginTest" time="7.165" errors="0" timestamp="2022-05-20T11:10:37 IST" skipped="0">
  <testcase classname="com.testScripts.Tc_LoginTest" name="loginButton" time="7.165"/>
  <system-out/>
</testsuite> <!-- com.testScripts.Tc_LoginTest -->
