<?xml version="1.0" encoding="UTF-8"?>
<!-- Generated by org.testng.reporters.JUnitReportReporter -->
<testsuite hostname="graycelltech" failures="0" tests="1" name="com.testScripts.Tc_LoginTest1" time="4.736" errors="0" timestamp="2022-05-19T13:02:31 IST" skipped="0">
  <testcase classname="com.testScripts.Tc_LoginTest1" name="cancelButton" time="4.736"/>
  <system-out/>
</testsuite> <!-- com.testScripts.Tc_LoginTest1 -->
