<?xml version="1.0" encoding="UTF-8"?>
<!-- Generated by org.testng.reporters.JUnitReportReporter -->
<testsuite hostname="graycelltech" failures="0" tests="1" name="com.testScripts.Tc_4_ManageUserPageFunctions" time="38.809" errors="0" timestamp="2022-05-26T15:49:04 IST" skipped="0">
  <testcase classname="com.testScripts.Tc_4_ManageUserPageFunctions" name="ManageUserPageFunctions" time="38.809"/>
  <system-out/>
</testsuite> <!-- com.testScripts.Tc_4_ManageUserPageFunctions -->
