<?xml version="1.0" encoding="UTF-8"?>
<!-- Generated by org.testng.reporters.JUnitReportReporter -->
<testsuite hostname="graycelltech" failures="0" tests="1" name="com.testScripts.Tc_ManageUserPage_4" time="16.899" errors="0" timestamp="2022-05-26T15:53:32 IST" skipped="0">
  <testcase classname="com.testScripts.Tc_ManageUserPage_4" name="addUserFunction" time="16.899"/>
  <system-out/>
</testsuite> <!-- com.testScripts.Tc_ManageUserPage_4 -->
