<?xml version="1.0" encoding="UTF-8"?>
<!-- Generated by org.testng.reporters.JUnitReportReporter -->
<testsuite hostname="graycelltech" failures="0" tests="1" name="com.testScripts.Tc_HomePageLinks" time="6.232" errors="0" timestamp="2022-05-19T12:29:16 IST" skipped="0">
  <testcase classname="com.testScripts.Tc_HomePageLinks" name="linksOnHomePage" time="6.232"/>
  <system-out/>
</testsuite> <!-- com.testScripts.Tc_HomePageLinks -->
