<?xml version="1.0" encoding="UTF-8"?>
<!-- Generated by org.testng.reporters.JUnitReportReporter -->
<testsuite hostname="graycelltech" failures="0" tests="1" name="com.testScripts.Tc_Homepage1" time="25.075" errors="0" timestamp="2022-05-19T12:38:06 IST" skipped="0">
  <testcase classname="com.testScripts.Tc_Homepage1" name="Link1" time="25.075"/>
  <system-out/>
</testsuite> <!-- com.testScripts.Tc_Homepage1 -->
