<?xml version="1.0" encoding="UTF-8"?>
<!-- Generated by org.testng.reporters.JUnitReportReporter -->
<testsuite hostname="graycelltech" failures="0" tests="1" name="com.testScripts.Tc_MangeUserPageLinks" time="8.017" errors="0" timestamp="2022-05-19T13:40:49 IST" skipped="0">
  <testcase classname="com.testScripts.Tc_MangeUserPageLinks" name="links" time="8.017"/>
  <system-out/>
</testsuite> <!-- com.testScripts.Tc_MangeUserPageLinks -->
