<?xml version="1.0" encoding="UTF-8"?>
<!-- Generated by org.testng.reporters.JUnitReportReporter -->
<testsuite hostname="graycelltech" failures="0" tests="1" name="com.testScripts.Tc_ManageUserPage_3" time="18.263" errors="0" timestamp="2022-05-26T17:05:43 IST" skipped="0">
  <testcase classname="com.testScripts.Tc_ManageUserPage_3" name="addUserFunction" time="18.263"/>
  <system-out/>
</testsuite> <!-- com.testScripts.Tc_ManageUserPage_3 -->
