<?xml version="1.0" encoding="UTF-8"?>
<!-- Generated by org.testng.reporters.JUnitReportReporter -->
<testsuite hostname="graycelltech" failures="0" tests="1" name="com.testScripts.Tc_ShowEntries" time="30.716" errors="0" timestamp="2022-05-26T18:25:28 IST" skipped="0">
  <testcase classname="com.testScripts.Tc_ShowEntries" name="showEntries" time="30.716"/>
  <system-out/>
</testsuite> <!-- com.testScripts.Tc_ShowEntries -->
