<?xml version="1.0" encoding="UTF-8"?>
<!-- Generated by org.testng.reporters.JUnitReportReporter -->
<testsuite hostname="graycelltech" failures="0" tests="1" name="com.testScripts.Tc_LinksManageEditUserPage" time="8.543" errors="0" timestamp="2022-05-20T15:03:57 IST" skipped="0">
  <testcase classname="com.testScripts.Tc_LinksManageEditUserPage" name="links" time="8.543"/>
  <system-out/>
</testsuite> <!-- com.testScripts.Tc_LinksManageEditUserPage -->
