<?xml version="1.0" encoding="UTF-8"?>
<!-- Generated by org.testng.reporters.JUnitReportReporter -->
<testsuite hostname="graycelltech" failures="0" tests="1" name="com.testScripts.Tc_HomePage" time="15.613" errors="0" timestamp="2022-05-20T12:31:30 IST" skipped="0">
  <testcase classname="com.testScripts.Tc_HomePage" name="homePage" time="15.613"/>
  <system-out/>
</testsuite> <!-- com.testScripts.Tc_HomePage -->
