<?xml version="1.0" encoding="UTF-8"?>
<!-- Generated by org.testng.reporters.JUnitReportReporter -->
<testsuite hostname="graycelltech" failures="0" tests="1" name="com.testScripts.Tc_ManageUserPage_2" time="19.657" errors="0" timestamp="2022-05-26T16:38:31 IST" skipped="0">
  <testcase classname="com.testScripts.Tc_ManageUserPage_2" name="addUserFunction" time="19.657"/>
  <system-out/>
</testsuite> <!-- com.testScripts.Tc_ManageUserPage_2 -->
