<?xml version="1.0" encoding="UTF-8"?>
<!-- Generated by org.testng.reporters.JUnitReportReporter -->
<testsuite hostname="graycelltech" failures="0" tests="1" name="com.testScripts.Tc_2_LoginTest2" time="5.425" errors="0" timestamp="2022-05-26T12:36:45 IST" skipped="0">
  <testcase classname="com.testScripts.Tc_2_LoginTest2" name="invalidData" time="5.425"/>
  <system-out/>
</testsuite> <!-- com.testScripts.Tc_2_LoginTest2 -->
