<?xml version="1.0" encoding="UTF-8"?>
<!-- Generated by org.testng.reporters.JUnitReportReporter -->
<testsuite hostname="graycelltech" failures="0" tests="1" name="com.testScripts.Tc_12_ManageCORPage" time="28.429" errors="0" timestamp="2022-05-25T13:05:04 IST" skipped="0">
  <testcase classname="com.testScripts.Tc_12_ManageCORPage" name="manageCORPage" time="28.429"/>
  <system-out/>
</testsuite> <!-- com.testScripts.Tc_12_ManageCORPage -->
