<?xml version="1.0" encoding="UTF-8"?>
<!-- Generated by org.testng.reporters.JUnitReportReporter -->
<testsuite hostname="graycelltech" failures="0" tests="1" name="com.testScripts.Tc_DeleteFunction" time="34.592" errors="0" timestamp="2022-05-26T19:39:15 IST" skipped="0">
  <testcase classname="com.testScripts.Tc_DeleteFunction" name="deleteFunction" time="34.592"/>
  <system-out/>
</testsuite> <!-- com.testScripts.Tc_DeleteFunction -->
