<?xml version="1.0" encoding="UTF-8"?>
<!-- Generated by org.testng.reporters.JUnitReportReporter -->
<testsuite hostname="graycelltech" failures="0" tests="1" name="com.testScripts.Tc_DeleteAddUserlist" time="11.932" errors="0" timestamp="2022-05-19T10:15:58 IST" skipped="0">
  <testcase classname="com.testScripts.Tc_DeleteAddUserlist" name="deleteAddUserFunction" time="11.932"/>
  <system-out/>
</testsuite> <!-- com.testScripts.Tc_DeleteAddUserlist -->
