<?xml version="1.0" encoding="UTF-8"?>
<!-- Generated by org.testng.reporters.JUnitReportReporter -->
<testsuite hostname="graycelltech" failures="0" tests="1" name="com.testScripts.Tc_5_AddUserFunctions" time="23.247" errors="0" timestamp="2022-05-23T11:49:25 IST" skipped="0">
  <testcase classname="com.testScripts.Tc_5_AddUserFunctions" name="addUserPage" time="23.247"/>
  <system-out/>
</testsuite> <!-- com.testScripts.Tc_5_AddUserFunctions -->
